<?xml version="1.0" encoding="UTF-8"?>
<!-- Generated by org.testng.reporters.JUnitXMLReporter -->
<testsuite ignored="10" hostname="DESKTOP-V8KH0U1" failures="1" tests="1" name="Default test" time="69.929" errors="0" timestamp="2021-03-01T10:06:13 IST">
  <testcase classname="com.bhiman.test.masters.BanksTest" name="verifyClickOnBanksInMasters" time="9.811">
    <failure type="java.lang.AssertionError" message="expected [http://103.50.162.196/testng/bank.php] but found [http://103.50.162.196/testing/bank.php]">
      <![CDATA[java.lang.AssertionError: expected [http://103.50.162.196/testng/bank.php] but found [http://103.50.162.196/testing/bank.php]
at org.testng.Assert.fail(Assert.java:99)
at org.testng.Assert.failNotEquals(Assert.java:1037)
at org.testng.Assert.assertEqualsImpl(Assert.java:140)
at org.testng.Assert.assertEquals(Assert.java:122)
at org.testng.Assert.assertEquals(Assert.java:629)
at org.testng.Assert.assertEquals(Assert.java:639)
at com.bhiman.test.masters.BanksTest.verifyClickOnBanksInMasters(BanksTest.java:40)
at java.base/jdk.internal.reflect.NativeMethodAccessorImpl.invoke0(Native Method)
at java.base/jdk.internal.reflect.NativeMethodAccessorImpl.invoke(NativeMethodAccessorImpl.java:62)
at java.base/jdk.internal.reflect.DelegatingMethodAccessorImpl.invoke(DelegatingMethodAccessorImpl.java:43)
at java.base/java.lang.reflect.Method.invoke(Method.java:566)
at org.testng.internal.MethodInvocationHelper.invokeMethod(MethodInvocationHelper.java:132)
at org.testng.internal.TestInvoker.invokeMethod(TestInvoker.java:599)
at org.testng.internal.TestInvoker.invokeTestMethod(TestInvoker.java:174)
at org.testng.internal.MethodRunner.runInSequence(MethodRunner.java:46)
at org.testng.internal.TestInvoker$MethodInvocationAgent.invoke(TestInvoker.java:822)
at org.testng.internal.TestInvoker.invokeTestMethods(TestInvoker.java:147)
at org.testng.internal.TestMethodWorker.invokeTestMethods(TestMethodWorker.java:146)
at org.testng.internal.TestMethodWorker.run(TestMethodWorker.java:128)
at java.base/java.util.ArrayList.forEach(ArrayList.java:1541)
at org.testng.TestRunner.privateRun(TestRunner.java:764)
at org.testng.TestRunner.run(TestRunner.java:585)
at org.testng.SuiteRunner.runTest(SuiteRunner.java:384)
at org.testng.SuiteRunner.runSequentially(SuiteRunner.java:378)
at org.testng.SuiteRunner.privateRun(SuiteRunner.java:337)
at org.testng.SuiteRunner.run(SuiteRunner.java:286)
at org.testng.SuiteRunnerWorker.runSuite(SuiteRunnerWorker.java:53)
at org.testng.SuiteRunnerWorker.run(SuiteRunnerWorker.java:96)
at org.testng.TestNG.runSuitesSequentially(TestNG.java:1218)
at org.testng.TestNG.runSuitesLocally(TestNG.java:1140)
at org.testng.TestNG.runSuites(TestNG.java:1069)
at org.testng.TestNG.run(TestNG.java:1037)
at org.testng.remote.AbstractRemoteTestNG.run(AbstractRemoteTestNG.java:115)
at org.testng.remote.RemoteTestNG.initAndRun(RemoteTestNG.java:251)
at org.testng.remote.RemoteTestNG.main(RemoteTestNG.java:77)
]]>
    </failure>
  </testcase> <!-- verifyClickOnBanksInMasters -->
  <testcase classname="com.bhiman.test.masters.BanksTest" name="verifyBankNameAfterClickOnAddBank" time="0.0">
    <ignored/>
  </testcase> <!-- verifyBankNameAfterClickOnAddBank -->
  <testcase classname="com.bhiman.test.masters.BanksTest" name="verifyClickOnDeleteIcon" time="0.0">
    <ignored/>
  </testcase> <!-- verifyClickOnDeleteIcon -->
  <testcase classname="com.bhiman.test.masters.BanksTest" name="verifySearchBoxWithInValidText" time="0.0">
    <ignored/>
  </testcase> <!-- verifySearchBoxWithInValidText -->
  <testcase classname="com.bhiman.test.masters.BanksTest" name="verifyClickOnPDFButton" time="0.0">
    <ignored/>
  </testcase> <!-- verifyClickOnPDFButton -->
  <testcase classname="com.bhiman.test.masters.BanksTest" name="verifyClickOnCSVButton" time="0.0">
    <ignored/>
  </testcase> <!-- verifyClickOnCSVButton -->
  <testcase classname="com.bhiman.test.masters.BanksTest" name="verifyClickOnAddBankButton" time="0.0">
    <ignored/>
  </testcase> <!-- verifyClickOnAddBankButton -->
  <testcase classname="com.bhiman.test.masters.BanksTest" name="verifyClickOnExcelButton" time="0.0">
    <ignored/>
  </testcase> <!-- verifyClickOnExcelButton -->
  <testcase classname="com.bhiman.test.masters.BanksTest" name="verifyBanksInMasters" time="0.0">
    <ignored/>
  </testcase> <!-- verifyBanksInMasters -->
  <testcase classname="com.bhiman.test.masters.BanksTest" name="verifyClickOnViewBankButtonAfterClickOnAddBank" time="0.0">
    <ignored/>
  </testcase> <!-- verifyClickOnViewBankButtonAfterClickOnAddBank -->
  <testcase classname="com.bhiman.test.masters.BanksTest" name="verifyAccountNameAfterClickOnAddBank" time="0.0">
    <ignored/>
  </testcase> <!-- verifyAccountNameAfterClickOnAddBank -->
</testsuite> <!-- Default test -->
