<?xml version="1.0" encoding="UTF-8"?>
<!-- Generated by org.testng.reporters.JUnitXMLReporter -->
<testsuite ignored="7" hostname="DESKTOP-V8KH0U1" failures="0" tests="1" name="Default test" time="17.816" errors="0" timestamp="2021-03-05T11:35:21 IST">
  <testcase classname="com.bhiman.test.masters.BranchesTest" name="verifyBranchesInMasters" time="0.611"/>
  <testcase classname="com.bhiman.test.masters.BranchesTest" name="verifyClickOnCopyButton" time="0.0">
    <ignored/>
  </testcase> <!-- verifyClickOnCopyButton -->
  <testcase classname="com.bhiman.test.masters.BranchesTest" name="verifyClickOnExcelButton" time="0.0">
    <ignored/>
  </testcase> <!-- verifyClickOnExcelButton -->
  <testcase classname="com.bhiman.test.masters.BranchesTest" name="verifyClickOnBanksInMasters" time="0.0">
    <ignored/>
  </testcase> <!-- verifyClickOnBanksInMasters -->
  <testcase classname="com.bhiman.test.masters.BranchesTest" name="verifyClickOnPDFButton" time="0.0">
    <ignored/>
  </testcase> <!-- verifyClickOnPDFButton -->
  <testcase classname="com.bhiman.test.masters.BranchesTest" name="verifyClickOnPrintButton" time="0.0">
    <ignored/>
  </testcase> <!-- verifyClickOnPrintButton -->
  <testcase classname="com.bhiman.test.masters.BranchesTest" name="verifySearchBoxWithInValidText" time="0.0">
    <ignored/>
  </testcase> <!-- verifySearchBoxWithInValidText -->
  <testcase classname="com.bhiman.test.masters.BranchesTest" name="verifyClickOnCSVButton" time="0.0">
    <ignored/>
  </testcase> <!-- verifyClickOnCSVButton -->
</testsuite> <!-- Default test -->
