<?xml version="1.0" encoding="UTF-8"?>
<testng-results ignored="1" total="2" passed="1" failed="0" skipped="0">
  <reporter-output>
  </reporter-output>
  <suite started-at="2021-03-08T16:37:05 IST" name="Default suite" finished-at="2021-03-08T16:37:19 IST" duration-ms="14080">
    <groups>
      <group name="Regression">
        <method signature="IndexTest.getNavbarCount()[pri:0, instance:com.bhiman.test.index.IndexTest@632ceb35]" name="getNavbarCount" class="com.bhiman.test.index.IndexTest"/>
      </group> <!-- Regression -->
    </groups>
    <test started-at="2021-03-08T16:37:05 IST" name="Default test" finished-at="2021-03-08T16:37:19 IST" duration-ms="14080">
      <class name="com.bhiman.test.index.IndexTest">
        <test-method is-config="true" signature="setUp()[pri:0, instance:com.bhiman.test.index.IndexTest@632ceb35]" started-at="2021-03-08T16:37:05 IST" name="setUp" finished-at="2021-03-08T16:37:18 IST" duration-ms="12553" status="PASS">
          <reporter-output>
          </reporter-output>
        </test-method> <!-- setUp -->
        <test-method signature="getNavbarCount()[pri:0, instance:com.bhiman.test.index.IndexTest@632ceb35]" started-at="2021-03-08T16:37:18 IST" name="getNavbarCount" description="To verify and validate the number of available options count on navigation bar." finished-at="2021-03-08T16:37:18 IST" duration-ms="199" status="PASS">
          <reporter-output>
          </reporter-output>
        </test-method> <!-- getNavbarCount -->
        <test-method is-config="true" signature="tearDown()[pri:0, instance:com.bhiman.test.index.IndexTest@632ceb35]" started-at="2021-03-08T16:37:18 IST" name="tearDown" finished-at="2021-03-08T16:37:19 IST" duration-ms="1064" status="PASS">
          <reporter-output>
          </reporter-output>
        </test-method> <!-- tearDown -->
      </class> <!-- com.bhiman.test.index.IndexTest -->
    </test> <!-- Default test -->
  </suite> <!-- Default suite -->
</testng-results>
